<?xml version="1.0" encoding="UTF-8"?>
<!-- Generated by org.testng.reporters.JUnitReportReporter -->
<testsuite hostname="SrivasuPrasad" failures="0" tests="1" name="com.crm.vtiger.contacts.CreateNewContactWithLeadTypeTest" time="291.383" errors="0" timestamp="2022-06-24T13:31:53 IST" skipped="0">
  <testcase classname="com.crm.vtiger.contacts.CreateNewContactWithLeadTypeTest" name="createNewContactwithLeadTypTest" time="291.383"/>
  <system-out>
    <![CDATA[createNewContactwithLeadTypTest method is satrted 
createNewContactwithLeadTypTest method is passed ]]>
  </system-out>
</testsuite> <!-- com.crm.vtiger.contacts.CreateNewContactWithLeadTypeTest -->
