<?xml version="1.0" encoding="UTF-8"?>
<!-- Generated by org.testng.reporters.JUnitReportReporter -->
<testsuite hostname="SrivasuPrasad" failures="0" tests="1" name="com.crm.vtiger.product.CreateProductAndCampaignTest2" time="25.630" errors="0" timestamp="2022-06-14T17:06:46 IST" skipped="0">
  <testcase classname="com.crm.vtiger.product.CreateProductAndCampaignTest2" name="createProductWithCampaignTest" time="25.630"/>
  <system-out/>
</testsuite> <!-- com.crm.vtiger.product.CreateProductAndCampaignTest2 -->
