<?xml version="1.0" encoding="UTF-8"?>
<!-- Generated by org.testng.reporters.JUnitReportReporter -->
<testsuite hostname="SrivasuPrasad" failures="0" tests="1" name="com.vtiger.purchaseorder.ToCreatePurchaseOrderWithItemAndClickOnUpWardArrowTest" time="66.410" errors="0" timestamp="2022-06-16T14:34:44 IST" skipped="0">
  <testcase classname="com.vtiger.purchaseorder.ToCreatePurchaseOrderWithItemAndClickOnUpWardArrowTest" name="cratePurchaseOrderTest" time="66.410"/>
  <system-out>
    <![CDATA[cratePurchaseOrderTestis satrted 
cratePurchaseOrderTest is passed ]]>
  </system-out>
</testsuite> <!-- com.vtiger.purchaseorder.ToCreatePurchaseOrderWithItemAndClickOnUpWardArrowTest -->
