<?xml version="1.0" encoding="UTF-8"?>
<!-- Generated by org.testng.reporters.JUnitReportReporter -->
<testsuite hostname="SrivasuPrasad" failures="0" tests="3" name="com.crm.vtiger.purchaseOrder.testNG.AnnotationsTest" time="0.010" errors="0" timestamp="2022-06-13T17:51:14 IST" skipped="0">
  <testcase classname="com.crm.vtiger.purchaseOrder.testNG.AnnotationsTest" name="message" time="0.003"/>
  <system-out/>
  <testcase classname="com.crm.vtiger.purchaseOrder.testNG.AnnotationsTest" name="f" time="0.006"/>
  <system-out/>
  <testcase classname="com.crm.vtiger.purchaseOrder.testNG.AnnotationsTest" name="message1" time="0.001"/>
  <system-out/>
</testsuite> <!-- com.crm.vtiger.purchaseOrder.testNG.AnnotationsTest -->
