<?xml version="1.0" encoding="UTF-8"?>
<!-- Generated by org.testng.reporters.JUnitReportReporter -->
<testsuite hostname="SrivasuPrasad" failures="0" tests="1" name="com.vtiger.purchaseorder.ToCreatePurchaseOrderWithItemAndAddProductTest" time="26.428" errors="0" timestamp="2022-06-16T14:34:44 IST" skipped="0">
  <testcase classname="com.vtiger.purchaseorder.ToCreatePurchaseOrderWithItemAndAddProductTest" name="cratePurchaseOrderWithAddProductTest" time="26.428"/>
  <system-out>
    <![CDATA[cratePurchaseOrderWithAddProductTestis satrted 
cratePurchaseOrderWithAddProductTest is passed ]]>
  </system-out>
</testsuite> <!-- com.vtiger.purchaseorder.ToCreatePurchaseOrderWithItemAndAddProductTest -->
