<?xml version="1.0" encoding="UTF-8"?>
<!-- Generated by org.testng.reporters.JUnitReportReporter -->
<testsuite hostname="SrivasuPrasad" failures="0" tests="3" name="com.crm.vtiger.dataproviderAnnotations.DataProviderAnnotations" time="0.015" errors="0" timestamp="2022-06-14T12:07:26 IST" skipped="0">
  <testcase classname="com.crm.vtiger.dataproviderAnnotations.DataProviderAnnotations" name="bookMyShow" time="0.008"/>
  <system-out/>
  <testcase classname="com.crm.vtiger.dataproviderAnnotations.DataProviderAnnotations" name="bookMyShow" time="0.003"/>
  <system-out/>
  <testcase classname="com.crm.vtiger.dataproviderAnnotations.DataProviderAnnotations" name="bookMyShow" time="0.004"/>
  <system-out/>
</testsuite> <!-- com.crm.vtiger.dataproviderAnnotations.DataProviderAnnotations -->
