<?xml version="1.0" encoding="UTF-8"?>
<!-- Generated by org.testng.reporters.JUnitReportReporter -->
<testsuite hostname="SrivasuPrasad" failures="0" tests="3" name="com.crm.vtiger.dataproviderAnnotations.ExceldataproviderTest" time="0.008" errors="0" timestamp="2022-06-14T14:45:54 IST" skipped="0">
  <testcase classname="com.crm.vtiger.dataproviderAnnotations.ExceldataproviderTest" name="bookMyShowTest" time="0.001"/>
  <system-out/>
  <testcase classname="com.crm.vtiger.dataproviderAnnotations.ExceldataproviderTest" name="bookMyShowTest" time="0.001"/>
  <system-out/>
  <testcase classname="com.crm.vtiger.dataproviderAnnotations.ExceldataproviderTest" name="bookMyShowTest" time="0.006"/>
  <system-out/>
</testsuite> <!-- com.crm.vtiger.dataproviderAnnotations.ExceldataproviderTest -->
