<?xml version="1.0" encoding="UTF-8"?>
<!-- Generated by org.testng.reporters.JUnitReportReporter -->
<testsuite hostname="SrivasuPrasad" failures="0" tests="1" name="com.crm.vtiger.contacts.CreateNewContactWithOrganizationNameTest" time="267.960" errors="0" timestamp="2022-06-24T13:31:52 IST" skipped="0">
  <testcase classname="com.crm.vtiger.contacts.CreateNewContactWithOrganizationNameTest" name="createContactwithOrg" time="267.960"/>
  <system-out>
    <![CDATA[createContactwithOrg method is satrted 
createContactwithOrg method is passed ]]>
  </system-out>
</testsuite> <!-- com.crm.vtiger.contacts.CreateNewContactWithOrganizationNameTest -->
