<?xml version="1.0" encoding="UTF-8"?>
<!-- Generated by org.testng.reporters.JUnitReportReporter -->
<testsuite hostname="SrivasuPrasad" failures="0" tests="3" name="com.crm.vtiger.dataproviderAnnotations.DataProviderAnnotationseTest" time="0.011" errors="0" timestamp="2022-06-14T14:24:26 IST" skipped="0">
  <testcase classname="com.crm.vtiger.dataproviderAnnotations.DataProviderAnnotationseTest" name="bookMyShow" time="0.007"/>
  <system-out/>
  <testcase classname="com.crm.vtiger.dataproviderAnnotations.DataProviderAnnotationseTest" name="bookMyShow" time="0.002"/>
  <system-out/>
  <testcase classname="com.crm.vtiger.dataproviderAnnotations.DataProviderAnnotationseTest" name="bookMyShow" time="0.002"/>
  <system-out/>
</testsuite> <!-- com.crm.vtiger.dataproviderAnnotations.DataProviderAnnotationseTest -->
