<?xml version="1.0" encoding="UTF-8"?>
<!-- Generated by org.testng.reporters.JUnitReportReporter -->
<testsuite hostname="SrivasuPrasad" failures="0" tests="1" name="com.crm.vtiger.product.CreateProductAndCampaignTest" time="68.292" errors="0" timestamp="2022-06-24T12:54:49 IST" skipped="0">
  <testcase classname="com.crm.vtiger.product.CreateProductAndCampaignTest" name="createProductWithCampaignTest" time="68.292"/>
  <system-out>
    <![CDATA[createProductWithCampaignTest method is satrted 
createProductWithCampaignTest method is passed ]]>
  </system-out>
</testsuite> <!-- com.crm.vtiger.product.CreateProductAndCampaignTest -->
